<?xml version="1.0" encoding="UTF-8"?>
<!-- Generated by org.testng.reporters.JUnitXMLReporter -->
<testsuite hostname="LAPTOP-AQDKG207" ignored="0" name="edge test" tests="1" failures="0" timestamp="06 Mar 2020 20:14:34 GMT" time="0.032" errors="0">
  <testcase name="@BeforeTest launchbrowser" time="0.0" classname="com.honey.test.FirstTestNGExample">
    <failure type="org.testng.TestNGException" message="
Parameter &amp;apos;browser&amp;apos; is required by BeforeTest on method launchbrowser but has not been marked @Optional or defined
in E:\SeleniumWorkspace\TestNGEample3\testng.xml">
      <![CDATA[org.testng.TestNGException: 
Parameter 'browser' is required by BeforeTest on method launchbrowser but has not been marked @Optional or defined
in E:\SeleniumWorkspace\TestNGEample3\testng.xml
at java.util.concurrent.FutureTask.run(Unknown Source)
at java.util.concurrent.ThreadPoolExecutor.runWorker(Unknown Source)
at java.util.concurrent.ThreadPoolExecutor$Worker.run(Unknown Source)
at java.lang.Thread.run(Unknown Source)
... Removed 12 stack frames]]>
    </failure>
  </testcase> <!-- @BeforeTest launchbrowser -->
  <testcase name="@AfterTest closebrowser" time="0.0" classname="com.honey.test.FirstTestNGExample">
    <skipped/>
  </testcase> <!-- @AfterTest closebrowser -->
  <testcase name="testApplication" time="0.0" classname="com.honey.test.FirstTestNGExample">
    <skipped/>
  </testcase> <!-- testApplication -->
</testsuite> <!-- edge test -->
